[INFO][2020-07-30 13:54:58]####################################################
[INFO][2020-07-30 13:54:58]\/\/\/\/\/\/---TestCase = DemoTest---\/\/\/\/\/\/
[INFO][2020-07-30 13:55:31]/\/\/\/\/\/\---TestCase = DemoTest---/\/\/\/\/\/\
[INFO][2020-07-30 13:55:31]#####################################################
[INFO][2020-07-30 13:56:55]####################################################
[INFO][2020-07-30 13:56:55]\/\/\/\/\/\/---TestCase = DemoTest---\/\/\/\/\/\/
[INFO][2020-07-30 13:57:14]/\/\/\/\/\/\---TestCase = DemoTest---/\/\/\/\/\/\
[INFO][2020-07-30 13:57:14]#####################################################
[INFO][2020-07-30 13:58:26]####################################################
[INFO][2020-07-30 13:58:26]\/\/\/\/\/\/---TestCase = DemoTest---\/\/\/\/\/\/
[INFO][2020-07-30 13:58:36]/\/\/\/\/\/\---TestCase = DemoTest---/\/\/\/\/\/\
[INFO][2020-07-30 13:58:36]#####################################################
[INFO][2020-07-30 14:07:31]####################################################
[INFO][2020-07-30 14:07:31]\/\/\/\/\/\/---TestCase = DemoTest---\/\/\/\/\/\/
[INFO][2020-07-30 14:07:49]/\/\/\/\/\/\---TestCase = DemoTest---/\/\/\/\/\/\
[INFO][2020-07-30 14:07:49]#####################################################
[INFO][2020-07-30 14:14:48]####################################################
[INFO][2020-07-30 14:14:48]\/\/\/\/\/\/---TestCase = DemoTest---\/\/\/\/\/\/
[INFO][2020-07-30 14:15:07]/\/\/\/\/\/\---TestCase = DemoTest---/\/\/\/\/\/\
[INFO][2020-07-30 14:15:07]#####################################################
[INFO][2020-07-30 14:16:31]####################################################
[INFO][2020-07-30 14:16:31]\/\/\/\/\/\/---TestCase = DemoTest---\/\/\/\/\/\/
[INFO][2020-07-30 14:16:49]/\/\/\/\/\/\---TestCase = DemoTest---/\/\/\/\/\/\
[INFO][2020-07-30 14:16:49]#####################################################
[INFO][2020-07-30 14:30:54]####################################################
[INFO][2020-07-30 14:30:54]\/\/\/\/\/\/---TestCase = DemoTest---\/\/\/\/\/\/
[INFO][2020-07-30 14:30:59]WebDriver navigatting to:' http://www.baidu.com'
[INFO][2020-07-30 14:31:11]/\/\/\/\/\/\---TestCase = DemoTest---/\/\/\/\/\/\
[INFO][2020-07-30 14:31:11]#####################################################
[INFO][2020-07-30 14:36:24]####################################################
[INFO][2020-07-30 14:36:24]\/\/\/\/\/\/---TestCase = DemoTest---\/\/\/\/\/\/
[INFO][2020-07-30 14:36:28]WebDriver navigatting to:' http://www.baidu.com'
[INFO][2020-07-30 14:36:41]/\/\/\/\/\/\---TestCase = DemoTest---/\/\/\/\/\/\
[INFO][2020-07-30 14:36:41]#####################################################
[INFO][2020-07-30 14:38:37]####################################################
[INFO][2020-07-30 14:38:37]\/\/\/\/\/\/---TestCase = DemoTest---\/\/\/\/\/\/
[INFO][2020-07-30 14:38:41]WebDriver navigatting to:' http://www.baidu.com'
[INFO][2020-07-30 14:38:53]/\/\/\/\/\/\---TestCase = DemoTest---/\/\/\/\/\/\
[INFO][2020-07-30 14:38:53]#####################################################
[INFO][2020-07-30 14:38:53]####################################################
[INFO][2020-07-30 14:38:53]\/\/\/\/\/\/---TestCase = DemoTest---\/\/\/\/\/\/
[INFO][2020-07-30 14:38:53]WebDriver navigatting to:' http://www.baidu.com'
[ERROR][2020-07-30 14:38:53]WebDriver error:
org.openqa.selenium.remote.SessionNotFoundException: Session ID is null. Using WebDriver after calling quit()?
Build info: version: '2.53.1', revision: 'a36b8b1cd5757287168e54b817830adce9b0158d', time: '2016-06-30 19:26:09'
System info: host: 'DESKTOP-DR4NCM4', ip: '172.20.50.8', os.name: 'Windows 10', os.arch: 'amd64', os.version: '10.0', java.version: '1.8.0_202'
Driver info: driver.version: EventFiringWebDriver
	at org.openqa.selenium.remote.HttpCommandExecutor.execute(HttpCommandExecutor.java:134)
	at org.openqa.selenium.remote.service.DriverCommandExecutor.execute(DriverCommandExecutor.java:82)
	at org.openqa.selenium.remote.RemoteWebDriver.execute(RemoteWebDriver.java:644)
	at org.openqa.selenium.remote.RemoteWebDriver.get(RemoteWebDriver.java:316)
	at sun.reflect.NativeMethodAccessorImpl.invoke0(Native Method)
	at sun.reflect.NativeMethodAccessorImpl.invoke(NativeMethodAccessorImpl.java:62)
	at sun.reflect.DelegatingMethodAccessorImpl.invoke(DelegatingMethodAccessorImpl.java:43)
	at java.lang.reflect.Method.invoke(Method.java:498)
	at org.openqa.selenium.support.events.EventFiringWebDriver$2.invoke(EventFiringWebDriver.java:103)
	at com.sun.proxy.$Proxy11.get(Unknown Source)
	at org.openqa.selenium.support.events.EventFiringWebDriver.get(EventFiringWebDriver.java:163)
	at cases.DemoTest.baidu(DemoTest.java:15)
	at sun.reflect.NativeMethodAccessorImpl.invoke0(Native Method)
	at sun.reflect.NativeMethodAccessorImpl.invoke(NativeMethodAccessorImpl.java:62)
	at sun.reflect.DelegatingMethodAccessorImpl.invoke(DelegatingMethodAccessorImpl.java:43)
	at java.lang.reflect.Method.invoke(Method.java:498)
	at org.testng.internal.MethodInvocationHelper.invokeMethod(MethodInvocationHelper.java:84)
	at org.testng.internal.Invoker.invokeMethod(Invoker.java:714)
	at org.testng.internal.Invoker.invokeTestMethod(Invoker.java:901)
	at org.testng.internal.Invoker.invokeTestMethods(Invoker.java:1231)
	at org.testng.internal.TestMethodWorker.invokeTestMethods(TestMethodWorker.java:127)
	at org.testng.internal.TestMethodWorker.run(TestMethodWorker.java:111)
	at org.testng.TestRunner.privateRun(TestRunner.java:767)
	at org.testng.TestRunner.run(TestRunner.java:617)
	at org.testng.SuiteRunner.runTest(SuiteRunner.java:334)
	at org.testng.SuiteRunner.runSequentially(SuiteRunner.java:329)
	at org.testng.SuiteRunner.privateRun(SuiteRunner.java:291)
	at org.testng.SuiteRunner.run(SuiteRunner.java:240)
	at org.testng.SuiteRunnerWorker.runSuite(SuiteRunnerWorker.java:52)
	at org.testng.SuiteRunnerWorker.run(SuiteRunnerWorker.java:86)
	at org.testng.TestNG.runSuitesSequentially(TestNG.java:1224)
	at org.testng.TestNG.runSuitesLocally(TestNG.java:1149)
	at org.testng.TestNG.run(TestNG.java:1057)
	at com.intellij.rt.testng.IDEARemoteTestNG.run(IDEARemoteTestNG.java:66)
	at com.intellij.rt.testng.RemoteTestNGStarter.main(RemoteTestNGStarter.java:110)
[INFO][2020-07-30 14:39:03]/\/\/\/\/\/\---TestCase = DemoTest---/\/\/\/\/\/\
[INFO][2020-07-30 14:39:03]#####################################################
[INFO][2020-07-30 14:42:08]####################################################
[INFO][2020-07-30 14:42:08]\/\/\/\/\/\/---TestCase = DemoTest---\/\/\/\/\/\/
[INFO][2020-07-30 14:42:08]/\/\/\/\/\/\---TestCase = DemoTest---/\/\/\/\/\/\
[INFO][2020-07-30 14:42:08]#####################################################
[INFO][2020-07-30 14:42:16]####################################################
[INFO][2020-07-30 14:42:16]\/\/\/\/\/\/---TestCase = DemoTest---\/\/\/\/\/\/
[INFO][2020-07-30 14:42:20]WebDriver navigatting to:' http://www.baidu.com'
[INFO][2020-07-30 14:42:32]/\/\/\/\/\/\---TestCase = DemoTest---/\/\/\/\/\/\
[INFO][2020-07-30 14:42:32]#####################################################
[INFO][2020-07-30 14:42:32]####################################################
[INFO][2020-07-30 14:42:32]\/\/\/\/\/\/---TestCase = DemoTest---\/\/\/\/\/\/
[INFO][2020-07-30 14:42:32]WebDriver navigatting to:' http://www.baidu.com'
[ERROR][2020-07-30 14:42:32]WebDriver error:
org.openqa.selenium.remote.SessionNotFoundException: Session ID is null. Using WebDriver after calling quit()?
Build info: version: '2.53.1', revision: 'a36b8b1cd5757287168e54b817830adce9b0158d', time: '2016-06-30 19:26:09'
System info: host: 'DESKTOP-DR4NCM4', ip: '172.20.50.8', os.name: 'Windows 10', os.arch: 'amd64', os.version: '10.0', java.version: '1.8.0_202'
Driver info: driver.version: EventFiringWebDriver
	at org.openqa.selenium.remote.HttpCommandExecutor.execute(HttpCommandExecutor.java:134)
	at org.openqa.selenium.remote.service.DriverCommandExecutor.execute(DriverCommandExecutor.java:82)
	at org.openqa.selenium.remote.RemoteWebDriver.execute(RemoteWebDriver.java:644)
	at org.openqa.selenium.remote.RemoteWebDriver.get(RemoteWebDriver.java:316)
	at sun.reflect.NativeMethodAccessorImpl.invoke0(Native Method)
	at sun.reflect.NativeMethodAccessorImpl.invoke(NativeMethodAccessorImpl.java:62)
	at sun.reflect.DelegatingMethodAccessorImpl.invoke(DelegatingMethodAccessorImpl.java:43)
	at java.lang.reflect.Method.invoke(Method.java:498)
	at org.openqa.selenium.support.events.EventFiringWebDriver$2.invoke(EventFiringWebDriver.java:103)
	at com.sun.proxy.$Proxy11.get(Unknown Source)
	at org.openqa.selenium.support.events.EventFiringWebDriver.get(EventFiringWebDriver.java:163)
	at cases.DemoTest.baidu(DemoTest.java:15)
	at sun.reflect.NativeMethodAccessorImpl.invoke0(Native Method)
	at sun.reflect.NativeMethodAccessorImpl.invoke(NativeMethodAccessorImpl.java:62)
	at sun.reflect.DelegatingMethodAccessorImpl.invoke(DelegatingMethodAccessorImpl.java:43)
	at java.lang.reflect.Method.invoke(Method.java:498)
	at org.testng.internal.MethodInvocationHelper.invokeMethod(MethodInvocationHelper.java:84)
	at org.testng.internal.Invoker.invokeMethod(Invoker.java:714)
	at org.testng.internal.Invoker.invokeTestMethod(Invoker.java:901)
	at org.testng.internal.Invoker.invokeTestMethods(Invoker.java:1231)
	at org.testng.internal.TestMethodWorker.invokeTestMethods(TestMethodWorker.java:127)
	at org.testng.internal.TestMethodWorker.run(TestMethodWorker.java:111)
	at org.testng.TestRunner.privateRun(TestRunner.java:767)
	at org.testng.TestRunner.run(TestRunner.java:617)
	at org.testng.SuiteRunner.runTest(SuiteRunner.java:334)
	at org.testng.SuiteRunner.runSequentially(SuiteRunner.java:329)
	at org.testng.SuiteRunner.privateRun(SuiteRunner.java:291)
	at org.testng.SuiteRunner.run(SuiteRunner.java:240)
	at org.testng.SuiteRunnerWorker.runSuite(SuiteRunnerWorker.java:52)
	at org.testng.SuiteRunnerWorker.run(SuiteRunnerWorker.java:86)
	at org.testng.TestNG.runSuitesSequentially(TestNG.java:1224)
	at org.testng.TestNG.runSuitesLocally(TestNG.java:1149)
	at org.testng.TestNG.run(TestNG.java:1057)
	at com.intellij.rt.testng.IDEARemoteTestNG.run(IDEARemoteTestNG.java:66)
	at com.intellij.rt.testng.RemoteTestNGStarter.main(RemoteTestNGStarter.java:110)
[INFO][2020-07-30 14:42:42]/\/\/\/\/\/\---TestCase = DemoTest---/\/\/\/\/\/\
[INFO][2020-07-30 14:42:42]#####################################################
[INFO][2020-07-30 15:09:15]####################################################
[INFO][2020-07-30 15:09:15]\/\/\/\/\/\/---TestCase = DemoTest---\/\/\/\/\/\/
[INFO][2020-07-30 15:09:15]/\/\/\/\/\/\---TestCase = DemoTest---/\/\/\/\/\/\
[INFO][2020-07-30 15:09:15]#####################################################
[INFO][2020-07-30 15:10:07]####################################################
[INFO][2020-07-30 15:10:07]\/\/\/\/\/\/---TestCase = DemoTest---\/\/\/\/\/\/
[INFO][2020-07-30 15:10:07]/\/\/\/\/\/\---TestCase = DemoTest---/\/\/\/\/\/\
[INFO][2020-07-30 15:10:07]#####################################################
[INFO][2020-07-30 15:10:43]####################################################
[INFO][2020-07-30 15:10:43]\/\/\/\/\/\/---TestCase = DemoTest---\/\/\/\/\/\/
[INFO][2020-07-30 15:10:43]/\/\/\/\/\/\---TestCase = DemoTest---/\/\/\/\/\/\
[INFO][2020-07-30 15:10:43]#####################################################
[INFO][2020-07-30 15:10:52]####################################################
[INFO][2020-07-30 15:10:52]\/\/\/\/\/\/---TestCase = DemoTest---\/\/\/\/\/\/
[INFO][2020-07-30 15:10:52]/\/\/\/\/\/\---TestCase = DemoTest---/\/\/\/\/\/\
[INFO][2020-07-30 15:10:52]#####################################################
[INFO][2020-07-30 15:11:07]####################################################
[INFO][2020-07-30 15:11:07]\/\/\/\/\/\/---TestCase = DemoTest---\/\/\/\/\/\/
[INFO][2020-07-30 15:11:07]/\/\/\/\/\/\---TestCase = DemoTest---/\/\/\/\/\/\
[INFO][2020-07-30 15:11:07]#####################################################
[INFO][2020-07-30 15:12:41]####################################################
[INFO][2020-07-30 15:12:41]\/\/\/\/\/\/---TestCase = DemoTest---\/\/\/\/\/\/
[INFO][2020-07-30 15:12:41]/\/\/\/\/\/\---TestCase = DemoTest---/\/\/\/\/\/\
[INFO][2020-07-30 15:12:41]#####################################################
[INFO][2020-07-30 15:14:12]####################################################
[INFO][2020-07-30 15:14:12]\/\/\/\/\/\/---TestCase = DemoTest---\/\/\/\/\/\/
[INFO][2020-07-30 15:14:12]/\/\/\/\/\/\---TestCase = DemoTest---/\/\/\/\/\/\
[INFO][2020-07-30 15:14:12]#####################################################
[INFO][2020-07-30 15:14:12]####################################################
[INFO][2020-07-30 15:14:12]\/\/\/\/\/\/---TestCase = DemoTest---\/\/\/\/\/\/
[INFO][2020-07-30 15:14:12]/\/\/\/\/\/\---TestCase = DemoTest---/\/\/\/\/\/\
[INFO][2020-07-30 15:14:12]#####################################################
[INFO][2020-07-30 15:15:53]####################################################
[INFO][2020-07-30 15:15:53]\/\/\/\/\/\/---TestCase = DemoTest---\/\/\/\/\/\/
[INFO][2020-07-30 15:15:57]WebDriver navigatting to:' http://www.baidu.com'
[INFO][2020-07-30 15:16:08]/\/\/\/\/\/\---TestCase = DemoTest---/\/\/\/\/\/\
[INFO][2020-07-30 15:16:08]#####################################################
[INFO][2020-07-30 15:16:24]####################################################
[INFO][2020-07-30 15:16:24]\/\/\/\/\/\/---TestCase = DemoTest---\/\/\/\/\/\/
[INFO][2020-07-30 15:16:24]/\/\/\/\/\/\---TestCase = DemoTest---/\/\/\/\/\/\
[INFO][2020-07-30 15:16:24]#####################################################
[INFO][2020-07-30 15:17:31]####################################################
[INFO][2020-07-30 15:17:31]\/\/\/\/\/\/---TestCase = DemoTest---\/\/\/\/\/\/
[INFO][2020-07-30 15:17:35]WebDriver navigatting to:' http://www.baidu.com'
[INFO][2020-07-30 15:17:36]WebDriver changing value in element found By.id: kw from '  ' to 'null
[INFO][2020-07-30 15:17:47]/\/\/\/\/\/\---TestCase = DemoTest---/\/\/\/\/\/\
[INFO][2020-07-30 15:17:47]#####################################################
[INFO][2020-07-30 15:21:49]####################################################
[INFO][2020-07-30 15:21:49]\/\/\/\/\/\/---TestCase = DemoTest---\/\/\/\/\/\/
[INFO][2020-07-30 15:21:53]WebDriver navigatting to:' http://www.baidu.com'
[INFO][2020-07-30 15:21:54]WebDriver changing value in element found By.id: kw from '  ' to 'null
[INFO][2020-07-30 15:21:55] WebDriver clicking on: ' id: su'
[INFO][2020-07-30 15:22:06]/\/\/\/\/\/\---TestCase = DemoTest---/\/\/\/\/\/\
[INFO][2020-07-30 15:22:06]#####################################################
[INFO][2020-07-30 15:32:38]####################################################
[INFO][2020-07-30 15:32:38]\/\/\/\/\/\/---TestCase = DemoTest---\/\/\/\/\/\/
[INFO][2020-07-30 15:32:42]WebDriver navigatting to:' http://www.baidu.com'
[INFO][2020-07-30 15:32:43]WebDriver changing value in element found By.id: kw from '  ' to 'null
[INFO][2020-07-30 15:32:43] WebDriver clicking on: ' id: su'
[INFO][2020-07-30 15:32:54]/\/\/\/\/\/\---TestCase = DemoTest---/\/\/\/\/\/\
[INFO][2020-07-30 15:32:54]#####################################################
[INFO][2020-07-30 15:33:05]####################################################
[INFO][2020-07-30 15:33:05]\/\/\/\/\/\/---TestCase = DemoTest---\/\/\/\/\/\/
[INFO][2020-07-30 15:33:05]/\/\/\/\/\/\---TestCase = DemoTest---/\/\/\/\/\/\
[INFO][2020-07-30 15:33:05]#####################################################
[INFO][2020-07-30 15:44:33]####################################################
[INFO][2020-07-30 15:44:33]\/\/\/\/\/\/---TestCase = DemoTest---\/\/\/\/\/\/
[INFO][2020-07-30 15:44:33]/\/\/\/\/\/\---TestCase = DemoTest---/\/\/\/\/\/\
[INFO][2020-07-30 15:44:33]#####################################################
[INFO][2020-07-30 15:44:33]####################################################
[INFO][2020-07-30 15:44:33]\/\/\/\/\/\/---TestCase = DemoTest---\/\/\/\/\/\/
[INFO][2020-07-30 15:44:44]/\/\/\/\/\/\---TestCase = DemoTest---/\/\/\/\/\/\
[INFO][2020-07-30 15:44:44]#####################################################
[INFO][2020-07-30 15:47:03]####################################################
[INFO][2020-07-30 15:47:03]\/\/\/\/\/\/---TestCase = DemoTest---\/\/\/\/\/\/
[INFO][2020-07-30 15:47:03]/\/\/\/\/\/\---TestCase = DemoTest---/\/\/\/\/\/\
[INFO][2020-07-30 15:47:03]#####################################################
[INFO][2020-07-30 15:47:03]####################################################
[INFO][2020-07-30 15:47:03]\/\/\/\/\/\/---TestCase = DemoTest---\/\/\/\/\/\/
[INFO][2020-07-30 15:47:13]/\/\/\/\/\/\---TestCase = DemoTest---/\/\/\/\/\/\
[INFO][2020-07-30 15:47:13]#####################################################
[INFO][2020-07-30 15:50:49]####################################################
[INFO][2020-07-30 15:50:49]\/\/\/\/\/\/---TestCase = DemoTest---\/\/\/\/\/\/
[INFO][2020-07-30 15:50:59]/\/\/\/\/\/\---TestCase = DemoTest---/\/\/\/\/\/\
[INFO][2020-07-30 15:50:59]#####################################################
[INFO][2020-07-30 15:52:33]####################################################
[INFO][2020-07-30 15:52:33]\/\/\/\/\/\/---TestCase = DemoTest---\/\/\/\/\/\/
[INFO][2020-07-30 15:52:37]WebDriver navigatting to:' http://www.baidu.com'
[INFO][2020-07-30 15:52:38]WebDriver changing value in element found By.id: kw from '  ' to 'null
[INFO][2020-07-30 15:52:38] WebDriver clicking on: ' id: su'
[INFO][2020-07-30 15:52:49]/\/\/\/\/\/\---TestCase = DemoTest---/\/\/\/\/\/\
[INFO][2020-07-30 15:52:49]#####################################################
[INFO][2020-07-30 15:54:54]####################################################
[INFO][2020-07-30 15:54:54]\/\/\/\/\/\/---TestCase = DemoTest---\/\/\/\/\/\/
[INFO][2020-07-30 15:54:58]WebDriver navigatting to:' http://www.baidu.com'
[INFO][2020-07-30 15:54:59]WebDriver changing value in element found By.id: kw from '  ' to 'null
[INFO][2020-07-30 15:54:59] WebDriver clicking on: ' id: su'
[INFO][2020-07-30 15:55:10]/\/\/\/\/\/\---TestCase = DemoTest---/\/\/\/\/\/\
[INFO][2020-07-30 15:55:10]#####################################################
[INFO][2020-07-30 16:22:40]####################################################
[INFO][2020-07-30 16:22:40]\/\/\/\/\/\/---TestCase = DemoTest---\/\/\/\/\/\/
[INFO][2020-07-30 16:22:45]WebDriver navigatting to:' http://www.baidu.com'
[INFO][2020-07-30 16:22:46]WebDriver changing value in element found By.id: kw from '  ' to 'null
[INFO][2020-07-30 16:22:47] WebDriver clicking on: ' id: su'
[INFO][2020-07-30 16:22:58]/\/\/\/\/\/\---TestCase = DemoTest---/\/\/\/\/\/\
[INFO][2020-07-30 16:22:58]#####################################################
[INFO][2020-07-30 16:30:50]####################################################
[INFO][2020-07-30 16:30:50]\/\/\/\/\/\/---TestCase = DemoTest---\/\/\/\/\/\/
[INFO][2020-07-30 16:30:56]WebDriver navigatting to:' http://www.baidu.com'
[INFO][2020-07-30 16:30:56]WebDriver navigatting to:' http://www.baidu.com'
[INFO][2020-07-30 16:30:57]WebDriver changing value in element found By.id: kw from '  ' to 'null
[INFO][2020-07-30 16:30:57]WebDriver changing value in element found By.id: kw from '  ' to 'null
[INFO][2020-07-30 16:30:57] WebDriver clicking on: ' id: su'
[INFO][2020-07-30 16:30:57] WebDriver clicking on: ' id: su'
[INFO][2020-07-30 16:31:09]/\/\/\/\/\/\---TestCase = DemoTest---/\/\/\/\/\/\
[INFO][2020-07-30 16:31:09]#####################################################
[INFO][2020-07-30 16:34:35]####################################################
[INFO][2020-07-30 16:34:35]\/\/\/\/\/\/---TestCase = DemoTest---\/\/\/\/\/\/
[INFO][2020-07-30 16:34:40]WebDriver navigatting to:' http://www.baidu.com'
[INFO][2020-07-30 16:34:40]WebDriver navigatting to:' http://www.baidu.com'
[INFO][2020-07-30 16:34:41]WebDriver changing value in element found By.id: kw from '  ' to 'null
[INFO][2020-07-30 16:34:41]WebDriver changing value in element found By.id: kw from '  ' to 'null
[INFO][2020-07-30 16:34:41] WebDriver clicking on: ' id: su'
[INFO][2020-07-30 16:34:41] WebDriver clicking on: ' id: su'
[INFO][2020-07-30 16:34:53]/\/\/\/\/\/\---TestCase = DemoTest---/\/\/\/\/\/\
[INFO][2020-07-30 16:34:53]#####################################################
[INFO][2020-07-30 16:38:35]####################################################
[INFO][2020-07-30 16:38:35]\/\/\/\/\/\/---TestCase = DemoTest---\/\/\/\/\/\/
[INFO][2020-07-30 16:38:40]WebDriver navigatting to:' http://www.baidu.com'
[INFO][2020-07-30 16:38:41]WebDriver changing value in element found By.id: kw from '  ' to 'null
[INFO][2020-07-30 16:38:41] WebDriver clicking on: ' id: su'
[INFO][2020-07-30 16:39:03]/\/\/\/\/\/\---TestCase = DemoTest---/\/\/\/\/\/\
[INFO][2020-07-30 16:39:03]#####################################################
